{"C:\\Users\\H-TECH\\Desktop\\Projet Banque\\db.js": {"path":"C:\\Users\\H-TECH\\Desktop\\Projet Banque\\db.js","statementMap":{"0":{"start":{"line":1,"column":17},"end":{"line":1,"column":30}},"1":{"start":{"line":2,"column":0},"end":{"line":2,"column":27}},"2":{"start":{"line":4,"column":13},"end":{"line":10,"column":2}},"3":{"start":{"line":13,"column":0},"end":{"line":15,"column":3}},"4":{"start":{"line":14,"column":2},"end":{"line":14,"column":70}},"5":{"start":{"line":17,"column":0},"end":{"line":17,"column":22}}},"fnMap":{"0":{"name":"(anonymous_0)","decl":{"start":{"line":13,"column":19},"end":{"line":13,"column":20}},"loc":{"start":{"line":13,"column":25},"end":{"line":15,"column":1}},"line":13}},"branchMap":{},"s":{"0":1,"1":1,"2":1,"3":1,"4":1,"5":1},"f":{"0":1},"b":{},"_coverageSchema":"1a1c01bbd47fc00a2c39e90264f33305004495a9","hash":"32d8164a0acdc762112e0b25878721c25d46031e"}
,"C:\\Users\\H-TECH\\Desktop\\Projet Banque\\index.js": {"path":"C:\\Users\\H-TECH\\Desktop\\Projet Banque\\index.js","statementMap":{"0":{"start":{"line":1,"column":0},"end":{"line":1,"column":27}},"1":{"start":{"line":2,"column":16},"end":{"line":2,"column":34}},"2":{"start":{"line":3,"column":13},"end":{"line":3,"column":28}},"3":{"start":{"line":4,"column":14},"end":{"line":4,"column":30}},"4":{"start":{"line":6,"column":12},"end":{"line":6,"column":21}},"5":{"start":{"line":7,"column":0},"end":{"line":7,"column":24}},"6":{"start":{"line":14,"column":16},"end":{"line":21,"column":1}},"7":{"start":{"line":15,"column":4},"end":{"line":15,"column":70}},"8":{"start":{"line":17,"column":4},"end":{"line":19,"column":5}},"9":{"start":{"line":18,"column":8},"end":{"line":18,"column":66}},"10":{"start":{"line":20,"column":4},"end":{"line":20,"column":56}},"11":{"start":{"line":26,"column":0},"end":{"line":37,"column":3}},"12":{"start":{"line":27,"column":4},"end":{"line":36,"column":5}},"13":{"start":{"line":28,"column":31},"end":{"line":28,"column":39}},"14":{"start":{"line":29,"column":23},"end":{"line":32,"column":9}},"15":{"start":{"line":33,"column":8},"end":{"line":33,"column":45}},"16":{"start":{"line":35,"column":8},"end":{"line":35,"column":87}},"17":{"start":{"line":40,"column":0},"end":{"line":53,"column":3}},"18":{"start":{"line":41,"column":4},"end":{"line":52,"column":5}},"19":{"start":{"line":42,"column":23},"end":{"line":42,"column":33}},"20":{"start":{"line":43,"column":31},"end":{"line":43,"column":39}},"21":{"start":{"line":44,"column":23},"end":{"line":47,"column":9}},"22":{"start":{"line":48,"column":8},"end":{"line":48,"column":100}},"23":{"start":{"line":48,"column":35},"end":{"line":48,"column":100}},"24":{"start":{"line":49,"column":8},"end":{"line":49,"column":33}},"25":{"start":{"line":51,"column":8},"end":{"line":51,"column":53}},"26":{"start":{"line":61,"column":0},"end":{"line":123,"column":3}},"27":{"start":{"line":62,"column":60},"end":{"line":62,"column":68}},"28":{"start":{"line":65,"column":4},"end":{"line":67,"column":5}},"29":{"start":{"line":66,"column":8},"end":{"line":66,"column":94}},"30":{"start":{"line":69,"column":19},"end":{"line":69,"column":39}},"31":{"start":{"line":70,"column":4},"end":{"line":122,"column":5}},"32":{"start":{"line":71,"column":8},"end":{"line":71,"column":36}},"33":{"start":{"line":75,"column":27},"end":{"line":78,"column":9}},"34":{"start":{"line":80,"column":8},"end":{"line":82,"column":9}},"35":{"start":{"line":81,"column":12},"end":{"line":81,"column":88}},"36":{"start":{"line":85,"column":27},"end":{"line":88,"column":9}},"37":{"start":{"line":90,"column":8},"end":{"line":92,"column":9}},"38":{"start":{"line":91,"column":12},"end":{"line":91,"column":82}},"39":{"start":{"line":95,"column":8},"end":{"line":95,"column":106}},"40":{"start":{"line":96,"column":8},"end":{"line":96,"column":104}},"41":{"start":{"line":99,"column":24},"end":{"line":99,"column":37}},"42":{"start":{"line":100,"column":8},"end":{"line":108,"column":9}},"43":{"start":{"line":101,"column":12},"end":{"line":107,"column":13}},"44":{"start":{"line":102,"column":16},"end":{"line":102,"column":119}},"45":{"start":{"line":103,"column":16},"end":{"line":103,"column":37}},"46":{"start":{"line":105,"column":16},"end":{"line":105,"column":59}},"47":{"start":{"line":110,"column":8},"end":{"line":110,"column":37}},"48":{"start":{"line":111,"column":8},"end":{"line":115,"column":11}},"49":{"start":{"line":118,"column":8},"end":{"line":118,"column":39}},"50":{"start":{"line":119,"column":8},"end":{"line":119,"column":53}},"51":{"start":{"line":121,"column":8},"end":{"line":121,"column":25}},"52":{"start":{"line":128,"column":0},"end":{"line":162,"column":3}},"53":{"start":{"line":129,"column":50},"end":{"line":129,"column":58}},"54":{"start":{"line":131,"column":19},"end":{"line":131,"column":39}},"55":{"start":{"line":132,"column":4},"end":{"line":161,"column":5}},"56":{"start":{"line":133,"column":8},"end":{"line":133,"column":36}},"57":{"start":{"line":136,"column":22},"end":{"line":136,"column":110}},"58":{"start":{"line":137,"column":8},"end":{"line":137,"column":85}},"59":{"start":{"line":137,"column":42},"end":{"line":137,"column":85}},"60":{"start":{"line":140,"column":8},"end":{"line":140,"column":106}},"61":{"start":{"line":143,"column":28},"end":{"line":147,"column":10}},"62":{"start":{"line":149,"column":8},"end":{"line":154,"column":9}},"63":{"start":{"line":150,"column":12},"end":{"line":150,"column":41}},"64":{"start":{"line":151,"column":12},"end":{"line":151,"column":95}},"65":{"start":{"line":153,"column":12},"end":{"line":153,"column":76}},"66":{"start":{"line":157,"column":8},"end":{"line":157,"column":39}},"67":{"start":{"line":158,"column":8},"end":{"line":158,"column":53}},"68":{"start":{"line":160,"column":8},"end":{"line":160,"column":25}},"69":{"start":{"line":165,"column":13},"end":{"line":165,"column":37}},"70":{"start":{"line":166,"column":0},"end":{"line":170,"column":1}},"71":{"start":{"line":167,"column":4},"end":{"line":169,"column":7}},"72":{"start":{"line":168,"column":8},"end":{"line":168,"column":79}},"73":{"start":{"line":172,"column":0},"end":{"line":172,"column":21}}},"fnMap":{"0":{"name":"(anonymous_0)","decl":{"start":{"line":14,"column":16},"end":{"line":14,"column":17}},"loc":{"start":{"line":14,"column":46},"end":{"line":21,"column":1}},"line":14},"1":{"name":"(anonymous_1)","decl":{"start":{"line":26,"column":19},"end":{"line":26,"column":20}},"loc":{"start":{"line":26,"column":39},"end":{"line":37,"column":1}},"line":26},"2":{"name":"(anonymous_2)","decl":{"start":{"line":40,"column":22},"end":{"line":40,"column":23}},"loc":{"start":{"line":40,"column":42},"end":{"line":53,"column":1}},"line":40},"3":{"name":"(anonymous_3)","decl":{"start":{"line":61,"column":22},"end":{"line":61,"column":23}},"loc":{"start":{"line":61,"column":42},"end":{"line":123,"column":1}},"line":61},"4":{"name":"(anonymous_4)","decl":{"start":{"line":128,"column":31},"end":{"line":128,"column":32}},"loc":{"start":{"line":128,"column":51},"end":{"line":162,"column":1}},"line":128},"5":{"name":"(anonymous_5)","decl":{"start":{"line":167,"column":21},"end":{"line":167,"column":22}},"loc":{"start":{"line":167,"column":27},"end":{"line":169,"column":5}},"line":167}},"branchMap":{"0":{"loc":{"start":{"line":17,"column":4},"end":{"line":19,"column":5}},"type":"if","locations":[{"start":{"line":17,"column":4},"end":{"line":19,"column":5}},{"start":{},"end":{}}],"line":17},"1":{"loc":{"start":{"line":17,"column":8},"end":{"line":17,"column":42}},"type":"binary-expr","locations":[{"start":{"line":17,"column":8},"end":{"line":17,"column":18}},{"start":{"line":17,"column":22},"end":{"line":17,"column":42}}],"line":17},"2":{"loc":{"start":{"line":48,"column":8},"end":{"line":48,"column":100}},"type":"if","locations":[{"start":{"line":48,"column":8},"end":{"line":48,"column":100}},{"start":{},"end":{}}],"line":48},"3":{"loc":{"start":{"line":65,"column":4},"end":{"line":67,"column":5}},"type":"if","locations":[{"start":{"line":65,"column":4},"end":{"line":67,"column":5}},{"start":{},"end":{}}],"line":65},"4":{"loc":{"start":{"line":80,"column":8},"end":{"line":82,"column":9}},"type":"if","locations":[{"start":{"line":80,"column":8},"end":{"line":82,"column":9}},{"start":{},"end":{}}],"line":80},"5":{"loc":{"start":{"line":90,"column":8},"end":{"line":92,"column":9}},"type":"if","locations":[{"start":{"line":90,"column":8},"end":{"line":92,"column":9}},{"start":{},"end":{}}],"line":90},"6":{"loc":{"start":{"line":100,"column":8},"end":{"line":108,"column":9}},"type":"if","locations":[{"start":{"line":100,"column":8},"end":{"line":108,"column":9}},{"start":{},"end":{}}],"line":100},"7":{"loc":{"start":{"line":137,"column":8},"end":{"line":137,"column":85}},"type":"if","locations":[{"start":{"line":137,"column":8},"end":{"line":137,"column":85}},{"start":{},"end":{}}],"line":137},"8":{"loc":{"start":{"line":149,"column":8},"end":{"line":154,"column":9}},"type":"if","locations":[{"start":{"line":149,"column":8},"end":{"line":154,"column":9}},{"start":{"line":152,"column":15},"end":{"line":154,"column":9}}],"line":149},"9":{"loc":{"start":{"line":149,"column":12},"end":{"line":149,"column":68}},"type":"binary-expr","locations":[{"start":{"line":149,"column":12},"end":{"line":149,"column":38}},{"start":{"line":149,"column":42},"end":{"line":149,"column":68}}],"line":149},"10":{"loc":{"start":{"line":165,"column":13},"end":{"line":165,"column":37}},"type":"binary-expr","locations":[{"start":{"line":165,"column":13},"end":{"line":165,"column":29}},{"start":{"line":165,"column":33},"end":{"line":165,"column":37}}],"line":165},"11":{"loc":{"start":{"line":166,"column":0},"end":{"line":170,"column":1}},"type":"if","locations":[{"start":{"line":166,"column":0},"end":{"line":170,"column":1}},{"start":{},"end":{}}],"line":166}},"s":{"0":1,"1":1,"2":1,"3":1,"4":1,"5":1,"6":1,"7":0,"8":0,"9":0,"10":0,"11":1,"12":1,"13":1,"14":1,"15":1,"16":0,"17":1,"18":1,"19":1,"20":1,"21":1,"22":1,"23":0,"24":1,"25":0,"26":1,"27":4,"28":4,"29":1,"30":3,"31":3,"32":3,"33":3,"34":3,"35":3,"36":0,"37":0,"38":0,"39":0,"40":0,"41":0,"42":0,"43":0,"44":0,"45":0,"46":0,"47":0,"48":0,"49":3,"50":3,"51":3,"52":1,"53":1,"54":1,"55":1,"56":1,"57":1,"58":1,"59":0,"60":1,"61":1,"62":1,"63":1,"64":1,"65":0,"66":0,"67":0,"68":1,"69":1,"70":1,"71":0,"72":0,"73":1},"f":{"0":0,"1":1,"2":1,"3":4,"4":1,"5":0},"b":{"0":[0,0],"1":[0,0],"2":[0,1],"3":[1,3],"4":[3,0],"5":[0,0],"6":[0,0],"7":[0,1],"8":[1,0],"9":[1,0],"10":[1,1],"11":[0,1]},"_coverageSchema":"1a1c01bbd47fc00a2c39e90264f33305004495a9","hash":"7c36b31cfb7ce45cf66172bfad9dbf7373c9279d"}
}
