TN:
SF:db.js
FN:13,(anonymous_0)
FNF:1
FNH:1
FNDA:1,(anonymous_0)
DA:1,1
DA:2,1
DA:4,1
DA:13,1
DA:14,1
DA:17,1
LF:6
LH:6
BRF:0
BRH:0
end_of_record
TN:
SF:index.js
FN:14,(anonymous_0)
FN:26,(anonymous_1)
FN:40,(anonymous_2)
FN:61,(anonymous_3)
FN:128,(anonymous_4)
FN:167,(anonymous_5)
FNF:6
FNH:4
FNDA:0,(anonymous_0)
FNDA:1,(anonymous_1)
FNDA:1,(anonymous_2)
FNDA:4,(anonymous_3)
FNDA:1,(anonymous_4)
FNDA:0,(anonymous_5)
DA:1,1
DA:2,1
DA:3,1
DA:4,1
DA:6,1
DA:7,1
DA:14,1
DA:15,0
DA:17,0
DA:18,0
DA:20,0
DA:26,1
DA:27,1
DA:28,1
DA:29,1
DA:33,1
DA:35,0
DA:40,1
DA:41,1
DA:42,1
DA:43,1
DA:44,1
DA:48,1
DA:49,1
DA:51,0
DA:61,1
DA:62,4
DA:65,4
DA:66,1
DA:69,3
DA:70,3
DA:71,3
DA:75,3
DA:80,3
DA:81,3
DA:85,0
DA:90,0
DA:91,0
DA:95,0
DA:96,0
DA:99,0
DA:100,0
DA:101,0
DA:102,0
DA:103,0
DA:105,0
DA:110,0
DA:111,0
DA:118,3
DA:119,3
DA:121,3
DA:128,1
DA:129,1
DA:131,1
DA:132,1
DA:133,1
DA:136,1
DA:137,1
DA:140,1
DA:143,1
DA:149,1
DA:150,1
DA:151,1
DA:153,0
DA:157,0
DA:158,0
DA:160,1
DA:165,1
DA:166,1
DA:167,0
DA:168,0
DA:172,1
LF:72
LH:48
BRDA:17,0,0,0
BRDA:17,0,1,0
BRDA:17,1,0,0
BRDA:17,1,1,0
BRDA:48,2,0,0
BRDA:48,2,1,1
BRDA:65,3,0,1
BRDA:65,3,1,3
BRDA:80,4,0,3
BRDA:80,4,1,0
BRDA:90,5,0,0
BRDA:90,5,1,0
BRDA:100,6,0,0
BRDA:100,6,1,0
BRDA:137,7,0,0
BRDA:137,7,1,1
BRDA:149,8,0,1
BRDA:149,8,1,0
BRDA:149,9,0,1
BRDA:149,9,1,0
BRDA:165,10,0,1
BRDA:165,10,1,1
BRDA:166,11,0,0
BRDA:166,11,1,1
BRF:24
BRH:10
end_of_record
