TN:
SF:db.js
FN:13,(anonymous_0)
FNF:1
FNH:1
FNDA:1,(anonymous_0)
DA:1,1
DA:2,1
DA:4,1
DA:13,1
DA:14,1
DA:17,1
LF:6
LH:6
BRF:0
BRH:0
end_of_record
TN:
SF:index.js
FN:11,(anonymous_0)
FN:26,(anonymous_1)
FN:48,(anonymous_2)
FN:82,(anonymous_3)
FN:101,(anonymous_4)
FNF:5
FNH:3
FNDA:0,(anonymous_0)
FNDA:1,(anonymous_1)
FNDA:1,(anonymous_2)
FNDA:1,(anonymous_3)
FNDA:0,(anonymous_4)
DA:1,1
DA:2,1
DA:3,1
DA:5,1
DA:6,1
DA:11,1
DA:12,0
DA:13,0
DA:14,0
DA:18,0
DA:20,0
DA:21,0
DA:26,1
DA:27,1
DA:28,1
DA:29,1
DA:30,1
DA:34,1
DA:36,0
DA:48,1
DA:49,1
DA:50,1
DA:51,1
DA:52,1
DA:55,1
DA:60,1
DA:63,1
DA:66,1
DA:71,1
DA:72,1
DA:74,0
DA:75,0
DA:77,1
DA:82,1
DA:83,1
DA:84,1
DA:85,1
DA:89,1
DA:91,0
DA:97,1
DA:100,1
DA:101,0
DA:102,0
DA:103,0
DA:104,0
DA:109,1
LF:46
LH:32
BRDA:60,0,0,0
BRDA:60,0,1,1
BRDA:97,1,0,1
BRDA:97,1,1,1
BRDA:100,2,0,0
BRDA:100,2,1,1
BRF:6
BRH:4
end_of_record
